{"C:\\laragon\\www\\nodejs-hacktiv8\\CRUD-Photo\\app.js": {"path":"C:\\laragon\\www\\nodejs-hacktiv8\\CRUD-Photo\\app.js","statementMap":{"0":{"start":{"line":1,"column":16},"end":{"line":1,"column":34}},"1":{"start":{"line":2,"column":12},"end":{"line":2,"column":21}},"2":{"start":{"line":3,"column":15},"end":{"line":3,"column":35}},"3":{"start":{"line":4,"column":13},"end":{"line":4,"column":17}},"4":{"start":{"line":6,"column":0},"end":{"line":6,"column":47}},"5":{"start":{"line":7,"column":0},"end":{"line":7,"column":24}},"6":{"start":{"line":8,"column":0},"end":{"line":8,"column":16}},"7":{"start":{"line":14,"column":0},"end":{"line":14,"column":21}}},"fnMap":{},"branchMap":{},"s":{"0":1,"1":1,"2":1,"3":1,"4":1,"5":1,"6":1,"7":1},"f":{},"b":{},"_coverageSchema":"1a1c01bbd47fc00a2c39e90264f33305004495a9","hash":"1dbeeb9331a2eabe948dfef0d55ab58fc300d9ee"}
,"C:\\laragon\\www\\nodejs-hacktiv8\\CRUD-Photo\\controllers\\photoController.js": {"path":"C:\\laragon\\www\\nodejs-hacktiv8\\CRUD-Photo\\controllers\\photoController.js","statementMap":{"0":{"start":{"line":1,"column":18},"end":{"line":1,"column":38}},"1":{"start":{"line":6,"column":8},"end":{"line":12,"column":14}},"2":{"start":{"line":8,"column":16},"end":{"line":8,"column":45}},"3":{"start":{"line":11,"column":16},"end":{"line":11,"column":42}},"4":{"start":{"line":17,"column":17},"end":{"line":17,"column":31}},"5":{"start":{"line":19,"column":8},"end":{"line":25,"column":14}},"6":{"start":{"line":21,"column":16},"end":{"line":21,"column":45}},"7":{"start":{"line":24,"column":16},"end":{"line":24,"column":41}},"8":{"start":{"line":29,"column":46},"end":{"line":29,"column":54}},"9":{"start":{"line":31,"column":8},"end":{"line":31,"column":27}},"10":{"start":{"line":32,"column":8},"end":{"line":40,"column":14}},"11":{"start":{"line":36,"column":16},"end":{"line":36,"column":44}},"12":{"start":{"line":39,"column":16},"end":{"line":39,"column":41}},"13":{"start":{"line":44,"column":17},"end":{"line":44,"column":31}},"14":{"start":{"line":46,"column":42},"end":{"line":46,"column":50}},"15":{"start":{"line":48,"column":19},"end":{"line":52,"column":9}},"16":{"start":{"line":54,"column":8},"end":{"line":68,"column":14}},"17":{"start":{"line":64,"column":16},"end":{"line":64,"column":45}},"18":{"start":{"line":67,"column":16},"end":{"line":67,"column":41}},"19":{"start":{"line":72,"column":17},"end":{"line":72,"column":31}},"20":{"start":{"line":74,"column":8},"end":{"line":85,"column":14}},"21":{"start":{"line":80,"column":16},"end":{"line":80,"column":45}},"22":{"start":{"line":84,"column":16},"end":{"line":84,"column":42}},"23":{"start":{"line":90,"column":0},"end":{"line":90,"column":33}}},"fnMap":{"0":{"name":"(anonymous_0)","decl":{"start":{"line":5,"column":4},"end":{"line":5,"column":5}},"loc":{"start":{"line":5,"column":33},"end":{"line":13,"column":5}},"line":5},"1":{"name":"(anonymous_1)","decl":{"start":{"line":7,"column":18},"end":{"line":7,"column":19}},"loc":{"start":{"line":7,"column":28},"end":{"line":9,"column":13}},"line":7},"2":{"name":"(anonymous_2)","decl":{"start":{"line":10,"column":19},"end":{"line":10,"column":20}},"loc":{"start":{"line":10,"column":26},"end":{"line":12,"column":13}},"line":10},"3":{"name":"(anonymous_3)","decl":{"start":{"line":15,"column":4},"end":{"line":15,"column":5}},"loc":{"start":{"line":15,"column":36},"end":{"line":26,"column":5}},"line":15},"4":{"name":"(anonymous_4)","decl":{"start":{"line":20,"column":18},"end":{"line":20,"column":19}},"loc":{"start":{"line":20,"column":28},"end":{"line":22,"column":13}},"line":20},"5":{"name":"(anonymous_5)","decl":{"start":{"line":23,"column":19},"end":{"line":23,"column":20}},"loc":{"start":{"line":23,"column":26},"end":{"line":25,"column":13}},"line":23},"6":{"name":"(anonymous_6)","decl":{"start":{"line":28,"column":4},"end":{"line":28,"column":5}},"loc":{"start":{"line":28,"column":32},"end":{"line":41,"column":5}},"line":28},"7":{"name":"(anonymous_7)","decl":{"start":{"line":35,"column":18},"end":{"line":35,"column":19}},"loc":{"start":{"line":35,"column":28},"end":{"line":37,"column":13}},"line":35},"8":{"name":"(anonymous_8)","decl":{"start":{"line":38,"column":19},"end":{"line":38,"column":20}},"loc":{"start":{"line":38,"column":26},"end":{"line":40,"column":13}},"line":38},"9":{"name":"(anonymous_9)","decl":{"start":{"line":43,"column":4},"end":{"line":43,"column":5}},"loc":{"start":{"line":43,"column":39},"end":{"line":69,"column":5}},"line":43},"10":{"name":"(anonymous_10)","decl":{"start":{"line":63,"column":18},"end":{"line":63,"column":19}},"loc":{"start":{"line":63,"column":28},"end":{"line":65,"column":13}},"line":63},"11":{"name":"(anonymous_11)","decl":{"start":{"line":66,"column":19},"end":{"line":66,"column":20}},"loc":{"start":{"line":66,"column":26},"end":{"line":68,"column":13}},"line":66},"12":{"name":"(anonymous_12)","decl":{"start":{"line":71,"column":4},"end":{"line":71,"column":5}},"loc":{"start":{"line":71,"column":39},"end":{"line":86,"column":5}},"line":71},"13":{"name":"(anonymous_13)","decl":{"start":{"line":79,"column":18},"end":{"line":79,"column":19}},"loc":{"start":{"line":79,"column":28},"end":{"line":82,"column":13}},"line":79},"14":{"name":"(anonymous_14)","decl":{"start":{"line":83,"column":19},"end":{"line":83,"column":20}},"loc":{"start":{"line":83,"column":26},"end":{"line":85,"column":13}},"line":83}},"branchMap":{},"s":{"0":1,"1":0,"2":0,"3":0,"4":0,"5":0,"6":0,"7":0,"8":1,"9":1,"10":1,"11":0,"12":1,"13":0,"14":0,"15":0,"16":0,"17":0,"18":0,"19":0,"20":0,"21":0,"22":0,"23":1},"f":{"0":0,"1":0,"2":0,"3":0,"4":0,"5":0,"6":1,"7":0,"8":1,"9":0,"10":0,"11":0,"12":0,"13":0,"14":0},"b":{},"_coverageSchema":"1a1c01bbd47fc00a2c39e90264f33305004495a9","hash":"fbb982f8dd4c132904ed46c14ced735995978979"}
,"C:\\laragon\\www\\nodejs-hacktiv8\\CRUD-Photo\\models\\index.js": {"path":"C:\\laragon\\www\\nodejs-hacktiv8\\CRUD-Photo\\models\\index.js","statementMap":{"0":{"start":{"line":3,"column":11},"end":{"line":3,"column":24}},"1":{"start":{"line":4,"column":13},"end":{"line":4,"column":28}},"2":{"start":{"line":5,"column":18},"end":{"line":5,"column":38}},"3":{"start":{"line":6,"column":16},"end":{"line":6,"column":34}},"4":{"start":{"line":7,"column":17},"end":{"line":7,"column":42}},"5":{"start":{"line":8,"column":12},"end":{"line":8,"column":49}},"6":{"start":{"line":9,"column":15},"end":{"line":9,"column":65}},"7":{"start":{"line":10,"column":11},"end":{"line":10,"column":13}},"8":{"start":{"line":14,"column":0},"end":{"line":18,"column":1}},"9":{"start":{"line":15,"column":2},"end":{"line":15,"column":74}},"10":{"start":{"line":17,"column":2},"end":{"line":17,"column":87}},"11":{"start":{"line":20,"column":0},"end":{"line":28,"column":5}},"12":{"start":{"line":23,"column":4},"end":{"line":23,"column":90}},"13":{"start":{"line":26,"column":18},"end":{"line":26,"column":85}},"14":{"start":{"line":27,"column":4},"end":{"line":27,"column":27}},"15":{"start":{"line":30,"column":0},"end":{"line":34,"column":3}},"16":{"start":{"line":31,"column":2},"end":{"line":33,"column":3}},"17":{"start":{"line":32,"column":4},"end":{"line":32,"column":32}},"18":{"start":{"line":36,"column":0},"end":{"line":36,"column":25}},"19":{"start":{"line":37,"column":0},"end":{"line":37,"column":25}},"20":{"start":{"line":39,"column":0},"end":{"line":39,"column":20}}},"fnMap":{"0":{"name":"(anonymous_0)","decl":{"start":{"line":22,"column":10},"end":{"line":22,"column":11}},"loc":{"start":{"line":22,"column":18},"end":{"line":24,"column":3}},"line":22},"1":{"name":"(anonymous_1)","decl":{"start":{"line":25,"column":11},"end":{"line":25,"column":12}},"loc":{"start":{"line":25,"column":19},"end":{"line":28,"column":3}},"line":25},"2":{"name":"(anonymous_2)","decl":{"start":{"line":30,"column":24},"end":{"line":30,"column":25}},"loc":{"start":{"line":30,"column":37},"end":{"line":34,"column":1}},"line":30}},"branchMap":{"0":{"loc":{"start":{"line":8,"column":12},"end":{"line":8,"column":49}},"type":"binary-expr","locations":[{"start":{"line":8,"column":12},"end":{"line":8,"column":32}},{"start":{"line":8,"column":36},"end":{"line":8,"column":49}}],"line":8},"1":{"loc":{"start":{"line":14,"column":0},"end":{"line":18,"column":1}},"type":"if","locations":[{"start":{"line":14,"column":0},"end":{"line":18,"column":1}},{"start":{"line":16,"column":7},"end":{"line":18,"column":1}}],"line":14},"2":{"loc":{"start":{"line":23,"column":11},"end":{"line":23,"column":89}},"type":"binary-expr","locations":[{"start":{"line":23,"column":12},"end":{"line":23,"column":35}},{"start":{"line":23,"column":41},"end":{"line":23,"column":58}},{"start":{"line":23,"column":64},"end":{"line":23,"column":88}}],"line":23},"3":{"loc":{"start":{"line":31,"column":2},"end":{"line":33,"column":3}},"type":"if","locations":[{"start":{"line":31,"column":2},"end":{"line":33,"column":3}},{"start":{},"end":{}}],"line":31}},"s":{"0":1,"1":1,"2":1,"3":1,"4":1,"5":1,"6":1,"7":1,"8":1,"9":0,"10":1,"11":1,"12":2,"13":1,"14":1,"15":1,"16":1,"17":1,"18":1,"19":1,"20":1},"f":{"0":2,"1":1,"2":1},"b":{"0":[1,0],"1":[0,1],"2":[2,2,1],"3":[1,0]},"_coverageSchema":"1a1c01bbd47fc00a2c39e90264f33305004495a9","hash":"0b8455552104b3941a97cfc56c8dc2927f4809a4"}
,"C:\\laragon\\www\\nodejs-hacktiv8\\CRUD-Photo\\models\\photo.js": {"path":"C:\\laragon\\www\\nodejs-hacktiv8\\CRUD-Photo\\models\\photo.js","statementMap":{"0":{"start":{"line":4,"column":4},"end":{"line":4,"column":24}},"1":{"start":{"line":7,"column":0},"end":{"line":27,"column":2}},"2":{"start":{"line":18,"column":2},"end":{"line":25,"column":5}},"3":{"start":{"line":26,"column":2},"end":{"line":26,"column":15}}},"fnMap":{"0":{"name":"(anonymous_0)","decl":{"start":{"line":7,"column":17},"end":{"line":7,"column":18}},"loc":{"start":{"line":7,"column":43},"end":{"line":27,"column":1}},"line":7},"1":{"name":"(anonymous_1)","decl":{"start":{"line":14,"column":4},"end":{"line":14,"column":5}},"loc":{"start":{"line":14,"column":29},"end":{"line":16,"column":5}},"line":14}},"branchMap":{},"s":{"0":1,"1":1,"2":1,"3":1},"f":{"0":1,"1":1},"b":{},"_coverageSchema":"1a1c01bbd47fc00a2c39e90264f33305004495a9","hash":"ad28bed947b603c08e4f755335f5db820537390f"}
,"C:\\laragon\\www\\nodejs-hacktiv8\\CRUD-Photo\\routers\\index.js": {"path":"C:\\laragon\\www\\nodejs-hacktiv8\\CRUD-Photo\\routers\\index.js","statementMap":{"0":{"start":{"line":1,"column":15},"end":{"line":1,"column":42}},"1":{"start":{"line":3,"column":24},"end":{"line":3,"column":65}},"2":{"start":{"line":5,"column":0},"end":{"line":5,"column":51}},"3":{"start":{"line":6,"column":0},"end":{"line":6,"column":58}},"4":{"start":{"line":7,"column":0},"end":{"line":7,"column":51}},"5":{"start":{"line":8,"column":0},"end":{"line":8,"column":61}},"6":{"start":{"line":9,"column":0},"end":{"line":9,"column":64}},"7":{"start":{"line":11,"column":0},"end":{"line":11,"column":24}}},"fnMap":{},"branchMap":{},"s":{"0":1,"1":1,"2":1,"3":1,"4":1,"5":1,"6":1,"7":1},"f":{},"b":{},"_coverageSchema":"1a1c01bbd47fc00a2c39e90264f33305004495a9","hash":"caf3eccc4799d1a6bef78aadea09d6868c6151db"}
}
