TN:
SF:app.js
FNF:0
FNH:0
DA:1,1
DA:2,1
DA:3,1
DA:4,1
DA:6,1
DA:7,1
DA:8,1
DA:14,1
LF:8
LH:8
BRF:0
BRH:0
end_of_record
TN:
SF:controllers\photoController.js
FN:5,(anonymous_0)
FN:7,(anonymous_1)
FN:10,(anonymous_2)
FN:15,(anonymous_3)
FN:20,(anonymous_4)
FN:23,(anonymous_5)
FN:28,(anonymous_6)
FN:35,(anonymous_7)
FN:38,(anonymous_8)
FN:43,(anonymous_9)
FN:63,(anonymous_10)
FN:66,(anonymous_11)
FN:71,(anonymous_12)
FN:79,(anonymous_13)
FN:83,(anonymous_14)
FNF:15
FNH:2
FNDA:0,(anonymous_0)
FNDA:0,(anonymous_1)
FNDA:0,(anonymous_2)
FNDA:0,(anonymous_3)
FNDA:0,(anonymous_4)
FNDA:0,(anonymous_5)
FNDA:1,(anonymous_6)
FNDA:0,(anonymous_7)
FNDA:1,(anonymous_8)
FNDA:0,(anonymous_9)
FNDA:0,(anonymous_10)
FNDA:0,(anonymous_11)
FNDA:0,(anonymous_12)
FNDA:0,(anonymous_13)
FNDA:0,(anonymous_14)
DA:1,1
DA:6,0
DA:8,0
DA:11,0
DA:17,0
DA:19,0
DA:21,0
DA:24,0
DA:29,1
DA:31,1
DA:32,1
DA:36,0
DA:39,1
DA:44,0
DA:46,0
DA:48,0
DA:54,0
DA:64,0
DA:67,0
DA:72,0
DA:74,0
DA:80,0
DA:84,0
DA:90,1
LF:24
LH:6
BRF:0
BRH:0
end_of_record
TN:
SF:models\index.js
FN:22,(anonymous_0)
FN:25,(anonymous_1)
FN:30,(anonymous_2)
FNF:3
FNH:3
FNDA:2,(anonymous_0)
FNDA:1,(anonymous_1)
FNDA:1,(anonymous_2)
DA:3,1
DA:4,1
DA:5,1
DA:6,1
DA:7,1
DA:8,1
DA:9,1
DA:10,1
DA:14,1
DA:15,0
DA:17,1
DA:20,1
DA:23,2
DA:26,1
DA:27,1
DA:30,1
DA:31,1
DA:32,1
DA:36,1
DA:37,1
DA:39,1
LF:21
LH:20
BRDA:8,0,0,1
BRDA:8,0,1,0
BRDA:14,1,0,0
BRDA:14,1,1,1
BRDA:23,2,0,2
BRDA:23,2,1,2
BRDA:23,2,2,1
BRDA:31,3,0,1
BRDA:31,3,1,0
BRF:9
BRH:6
end_of_record
TN:
SF:models\photo.js
FN:7,(anonymous_0)
FN:14,(anonymous_1)
FNF:2
FNH:2
FNDA:1,(anonymous_0)
FNDA:1,(anonymous_1)
DA:4,1
DA:7,1
DA:18,1
DA:26,1
LF:4
LH:4
BRF:0
BRH:0
end_of_record
TN:
SF:routers\index.js
FNF:0
FNH:0
DA:1,1
DA:3,1
DA:5,1
DA:6,1
DA:7,1
DA:8,1
DA:9,1
DA:11,1
LF:8
LH:8
BRF:0
BRH:0
end_of_record
